TN:
SF:server.js
FN:44,(anonymous_0)
FN:50,(anonymous_1)
FNF:2
FNH:0
FNDA:0,(anonymous_0)
FNDA:0,(anonymous_1)
DA:1,1
DA:2,1
DA:3,1
DA:4,1
DA:5,1
DA:7,1
DA:8,1
DA:11,1
DA:28,1
DA:29,1
DA:30,1
DA:31,1
DA:34,1
DA:35,1
DA:38,1
DA:39,1
DA:40,1
DA:41,1
DA:44,1
DA:45,0
DA:49,1
DA:50,0
DA:51,0
DA:55,1
LF:24
LH:21
BRDA:8,0,0,1
BRDA:8,0,1,0
BRDA:49,1,0,0
BRDA:49,1,1,1
BRF:4
BRH:2
end_of_record
TN:
SF:config/db.js
FNF:0
FNH:0
DA:1,7
DA:2,7
DA:4,7
DA:18,7
LF:4
LH:4
BRDA:4,0,0,0
BRDA:4,0,1,7
BRDA:14,1,0,7
BRDA:14,1,1,0
BRF:4
BRH:2
end_of_record
TN:
SF:controllers/authController.js
FN:4,(anonymous_0)
FN:50,(anonymous_1)
FN:83,(anonymous_2)
FN:98,(anonymous_3)
FN:122,(anonymous_4)
FNF:5
FNH:5
FNDA:6,(anonymous_0)
FNDA:4,(anonymous_1)
FNDA:1,(anonymous_2)
FNDA:3,(anonymous_3)
FNDA:2,(anonymous_4)
DA:1,1
DA:2,1
DA:4,1
DA:5,6
DA:6,6
DA:8,6
DA:13,6
DA:19,6
DA:20,6
DA:22,6
DA:23,1
DA:26,5
DA:28,5
DA:29,1
DA:33,4
DA:40,3
DA:45,1
DA:46,1
DA:50,1
DA:51,4
DA:53,4
DA:55,4
DA:60,3
DA:61,1
DA:65,2
DA:67,2
DA:69,1
DA:70,1
DA:73,1
DA:78,1
DA:79,1
DA:83,1
DA:84,1
DA:87,1
DA:91,1
DA:93,0
DA:94,0
DA:98,1
DA:99,3
DA:101,3
DA:103,3
DA:105,2
DA:106,1
DA:112,1
DA:117,1
DA:118,1
DA:122,1
DA:123,2
DA:124,2
DA:125,1
DA:127,1
DA:128,1
LF:52
LH:50
BRDA:6,0,0,1
BRDA:6,0,1,5
BRDA:22,1,0,1
BRDA:22,1,1,5
BRDA:28,2,0,1
BRDA:28,2,1,4
BRDA:60,3,0,1
BRDA:60,3,1,2
BRDA:67,4,0,1
BRDA:67,4,1,1
BRDA:105,5,0,1
BRDA:105,5,1,1
BRF:12
BRH:12
end_of_record
TN:
SF:controllers/bookingController.js
FN:7,(anonymous_0)
FN:110,(anonymous_1)
FN:131,(anonymous_2)
FN:140,(anonymous_3)
FN:149,(anonymous_4)
FNF:5
FNH:5
FNDA:5,(anonymous_0)
FNDA:3,(anonymous_1)
FNDA:2,(anonymous_2)
FNDA:2,(anonymous_3)
FNDA:2,(anonymous_4)
DA:1,2
DA:2,2
DA:3,2
DA:4,2
DA:6,2
DA:8,5
DA:12,5
DA:13,5
DA:16,5
DA:17,5
DA:20,5
DA:21,5
DA:22,5
DA:23,5
DA:25,5
DA:28,5
DA:30,5
DA:31,1
DA:32,1
DA:33,1
DA:34,1
DA:39,5
DA:44,3
DA:45,1
DA:49,3
DA:51,1
DA:56,1
DA:57,1
DA:66,1
DA:69,1
DA:73,2
DA:81,2
DA:84,2
DA:85,2
DA:87,2
DA:100,2
DA:102,2
DA:103,1
DA:105,1
DA:106,1
DA:111,3
DA:112,3
DA:113,2
DA:114,1
DA:118,1
DA:119,1
DA:123,1
DA:125,1
DA:127,1
DA:132,2
DA:133,2
DA:134,1
DA:136,1
DA:141,2
DA:142,2
DA:143,1
DA:145,1
DA:150,2
DA:151,2
DA:152,2
DA:154,2
DA:155,1
DA:158,1
DA:160,1
DA:162,0
DA:163,0
DA:168,2
LF:67
LH:65
BRDA:22,0,0,0
BRDA:22,0,1,5
BRDA:30,1,0,1
BRDA:30,1,1,4
BRDA:30,2,0,5
BRDA:30,2,1,1
BRDA:32,3,0,1
BRDA:32,3,1,0
BRDA:44,4,0,1
BRDA:44,4,1,2
BRDA:44,5,0,3
BRDA:44,5,1,1
BRDA:49,6,0,1
BRDA:49,6,1,2
BRDA:56,7,0,1
BRDA:56,7,1,0
BRDA:102,8,0,1
BRDA:102,8,1,1
BRDA:113,9,0,1
BRDA:113,9,1,1
BRDA:118,10,0,1
BRDA:118,10,1,0
BRDA:154,11,0,1
BRDA:154,11,1,1
BRDA:154,12,0,2
BRDA:154,12,1,2
BRF:26
BRH:22
end_of_record
TN:
SF:controllers/courtController.js
FN:5,(anonymous_0)
FN:28,(anonymous_1)
FN:38,(anonymous_2)
FN:51,(anonymous_3)
FN:93,(anonymous_4)
FN:119,(anonymous_5)
FN:141,(anonymous_6)
FNF:7
FNH:7
FNDA:5,(anonymous_0)
FNDA:2,(anonymous_1)
FNDA:3,(anonymous_2)
FNDA:5,(anonymous_3)
FNDA:4,(anonymous_4)
FNDA:5,(anonymous_5)
FNDA:3,(anonymous_6)
DA:1,2
DA:3,2
DA:6,5
DA:7,5
DA:10,5
DA:11,1
DA:12,4
DA:13,1
DA:14,3
DA:15,1
DA:18,2
DA:21,4
DA:23,1
DA:29,2
DA:30,2
DA:31,1
DA:33,1
DA:39,3
DA:40,3
DA:41,2
DA:42,1
DA:44,1
DA:46,1
DA:52,5
DA:53,5
DA:55,5
DA:56,5
DA:59,5
DA:60,1
DA:63,1
DA:64,1
DA:65,1
DA:66,1
DA:71,5
DA:72,1
DA:75,4
DA:86,3
DA:88,1
DA:94,4
DA:95,4
DA:97,4
DA:108,3
DA:109,1
DA:112,2
DA:114,1
DA:120,5
DA:121,5
DA:123,5
DA:124,5
DA:125,2
DA:128,3
DA:130,2
DA:131,1
DA:134,1
DA:136,1
DA:142,3
DA:143,3
DA:144,3
DA:146,2
DA:147,1
DA:149,1
DA:154,2
LF:62
LH:62
BRDA:10,0,0,1
BRDA:10,0,1,4
BRDA:12,1,0,1
BRDA:12,1,1,3
BRDA:12,2,0,4
BRDA:12,2,1,1
BRDA:12,2,2,1
BRDA:14,3,0,1
BRDA:14,3,1,2
BRDA:41,4,0,1
BRDA:41,4,1,1
BRDA:59,5,0,1
BRDA:59,5,1,4
BRDA:59,6,0,5
BRDA:59,6,1,1
BRDA:59,6,2,0
BRDA:64,7,0,1
BRDA:64,7,1,0
BRDA:64,8,0,1
BRDA:64,8,1,1
BRDA:71,9,0,1
BRDA:71,9,1,4
BRDA:71,10,0,5
BRDA:71,10,1,5
BRDA:71,10,2,4
BRDA:71,10,3,4
BRDA:71,10,4,4
BRDA:71,10,5,4
BRDA:83,11,0,4
BRDA:83,11,1,3
BRDA:108,12,0,1
BRDA:108,12,1,2
BRDA:124,13,0,2
BRDA:124,13,1,3
BRDA:124,14,0,5
BRDA:124,14,1,4
BRDA:130,15,0,1
BRDA:130,15,1,1
BRDA:144,16,0,1
BRDA:144,16,1,2
BRF:40
BRH:38
end_of_record
TN:
SF:controllers/reviewController.js
FN:4,(anonymous_0)
FN:25,(anonymous_1)
FN:34,(anonymous_2)
FN:43,(anonymous_3)
FNF:4
FNH:4
FNDA:4,(anonymous_0)
FNDA:2,(anonymous_1)
FNDA:2,(anonymous_2)
FNDA:2,(anonymous_3)
DA:1,2
DA:3,2
DA:5,4
DA:6,4
DA:7,4
DA:13,1
DA:15,3
DA:16,1
DA:18,2
DA:19,1
DA:21,1
DA:26,2
DA:27,2
DA:28,1
DA:30,1
DA:35,2
DA:36,2
DA:37,1
DA:39,1
DA:44,2
DA:45,2
DA:46,1
DA:48,1
DA:53,2
LF:24
LH:24
BRDA:15,0,0,1
BRDA:15,0,1,2
BRDA:18,1,0,1
BRDA:18,1,1,1
BRF:4
BRH:4
end_of_record
TN:
SF:controllers/waitlistController.js
FN:7,(anonymous_0)
FN:22,(anonymous_1)
FN:31,(anonymous_2)
FN:40,(anonymous_3)
FNF:4
FNH:4
FNDA:2,(anonymous_0)
FNDA:2,(anonymous_1)
FNDA:2,(anonymous_2)
FNDA:4,(anonymous_3)
DA:1,2
DA:2,2
DA:3,2
DA:4,2
DA:6,2
DA:8,2
DA:9,2
DA:10,2
DA:16,1
DA:18,1
DA:23,2
DA:24,2
DA:25,1
DA:27,1
DA:32,2
DA:33,2
DA:34,1
DA:36,1
DA:41,4
DA:42,4
DA:43,4
DA:46,4
DA:50,3
DA:51,1
DA:53,2
DA:56,2
DA:57,2
DA:58,2
DA:59,2
DA:61,2
DA:62,2
DA:63,2
DA:66,2
DA:67,2
DA:68,2
DA:70,2
DA:80,2
DA:88,2
DA:90,2
DA:92,1
DA:97,2
LF:41
LH:41
BRDA:50,0,0,1
BRDA:50,0,1,2
BRDA:76,1,0,2
BRDA:76,1,1,1
BRDA:83,2,0,2
BRDA:83,2,1,1
BRF:6
BRH:6
end_of_record
TN:
SF:middleware/authMiddleware.js
FN:4,(anonymous_0)
FN:28,(anonymous_1)
FNF:2
FNH:2
FNDA:8,(anonymous_0)
FNDA:6,(anonymous_1)
DA:1,1
DA:2,1
DA:4,1
DA:5,8
DA:6,8
DA:8,7
DA:10,7
DA:11,7
DA:14,7
DA:16,7
DA:22,7
DA:24,0
DA:28,1
DA:29,6
DA:30,1
DA:32,5
DA:35,1
LF:17
LH:16
BRDA:6,0,0,1
BRDA:6,0,1,7
BRDA:11,1,0,0
BRDA:11,1,1,7
BRDA:11,2,0,7
BRDA:11,2,1,7
BRDA:19,3,0,7
BRDA:19,3,1,0
BRDA:20,4,0,7
BRDA:20,4,1,0
BRDA:29,5,0,1
BRDA:29,5,1,5
BRF:12
BRH:9
end_of_record
TN:
SF:middleware/i18n.js
FN:6,(anonymous_0)
FN:23,(anonymous_1)
FNF:2
FNH:2
FNDA:3,(anonymous_0)
FNDA:5,(anonymous_1)
DA:1,1
DA:2,1
DA:5,1
DA:6,1
DA:7,3
DA:8,3
DA:23,1
DA:25,5
DA:30,5
DA:32,5
DA:33,5
DA:34,5
DA:37,1
LF:13
LH:13
BRDA:25,0,0,5
BRDA:25,0,1,3
BRDA:25,0,2,1
BRDA:30,1,0,1
BRDA:30,1,1,4
BRF:5
BRH:5
end_of_record
TN:
SF:models/Booking.js
FN:5,(anonymous_0)
FN:44,(anonymous_1)
FN:56,(anonymous_2)
FN:69,(anonymous_3)
FN:79,(anonymous_4)
FN:88,(anonymous_5)
FN:95,(anonymous_6)
FNF:7
FNH:7
FNDA:3,(anonymous_0)
FNDA:2,(anonymous_1)
FNDA:2,(anonymous_2)
FNDA:2,(anonymous_3)
FNDA:2,(anonymous_4)
FNDA:2,(anonymous_5)
FNDA:2,(anonymous_6)
DA:1,5
DA:6,3
DA:7,3
DA:8,3
DA:11,3
DA:21,2
DA:22,1
DA:23,1
DA:26,1
DA:32,1
DA:33,1
DA:35,2
DA:36,2
DA:38,3
DA:45,2
DA:52,2
DA:57,2
DA:65,2
DA:70,2
DA:76,2
DA:80,2
DA:84,2
DA:89,2
DA:95,2
DA:99,5
LF:25
LH:25
BRDA:21,0,0,1
BRDA:21,0,1,1
BRF:2
BRH:2
end_of_record
TN:
SF:models/Court.js
FN:5,(anonymous_0)
FN:15,(anonymous_1)
FN:27,(anonymous_2)
FN:39,(anonymous_3)
FN:52,(anonymous_4)
FN:76,(anonymous_5)
FN:90,(anonymous_6)
FN:108,(anonymous_7)
FN:117,(anonymous_8)
FNF:9
FNH:9
FNDA:1,(anonymous_0)
FNDA:1,(anonymous_1)
FNDA:1,(anonymous_2)
FNDA:1,(anonymous_3)
FNDA:1,(anonymous_4)
FNDA:1,(anonymous_5)
FNDA:2,(anonymous_6)
FNDA:2,(anonymous_7)
FNDA:2,(anonymous_8)
DA:1,4
DA:6,1
DA:11,1
DA:16,1
DA:23,1
DA:28,1
DA:35,1
DA:40,1
DA:48,1
DA:53,1
DA:72,1
DA:77,1
DA:86,1
DA:91,2
DA:104,2
DA:109,2
DA:113,2
DA:118,2
DA:126,2
DA:130,4
LF:20
LH:20
BRF:0
BRH:0
end_of_record
TN:
SF:models/EquipmentRental.js
FN:5,(anonymous_0)
FN:20,(anonymous_1)
FNF:2
FNH:2
FNDA:2,(anonymous_0)
FNDA:2,(anonymous_1)
DA:1,3
DA:7,2
DA:8,2
DA:9,2
DA:14,2
DA:16,2
DA:21,2
DA:25,2
DA:29,3
LF:9
LH:9
BRF:0
BRH:0
end_of_record
TN:
SF:models/Profile.js
FN:4,(anonymous_0)
FN:14,(anonymous_1)
FN:20,(anonymous_2)
FN:26,(anonymous_3)
FNF:4
FNH:4
FNDA:2,(anonymous_0)
FNDA:2,(anonymous_1)
FNDA:1,(anonymous_2)
FNDA:2,(anonymous_3)
DA:1,1
DA:5,2
DA:10,2
DA:11,2
DA:15,2
DA:16,2
DA:17,2
DA:21,1
DA:22,1
DA:23,1
DA:27,2
DA:28,2
DA:29,2
DA:33,1
LF:14
LH:14
BRDA:4,0,0,2
BRF:1
BRH:1
end_of_record
TN:
SF:models/Review.js
FN:5,(anonymous_0)
FN:49,(anonymous_1)
FN:62,(anonymous_2)
FN:78,(anonymous_3)
FNF:4
FNH:4
FNDA:5,(anonymous_0)
FNDA:2,(anonymous_1)
FNDA:2,(anonymous_2)
FNDA:2,(anonymous_3)
DA:1,3
DA:7,5
DA:8,2
DA:12,3
DA:16,3
DA:17,1
DA:21,2
DA:26,2
DA:27,1
DA:30,1
DA:37,1
DA:45,1
DA:50,2
DA:58,2
DA:63,2
DA:71,2
DA:79,2
DA:87,2
DA:91,3
LF:19
LH:19
BRDA:7,0,0,2
BRDA:7,0,1,3
BRDA:7,1,0,5
BRDA:7,1,1,4
BRDA:16,2,0,1
BRDA:16,2,1,2
BRDA:26,3,0,1
BRDA:26,3,1,1
BRF:8
BRH:8
end_of_record
TN:
SF:models/Waitlist.js
FN:5,(anonymous_0)
FN:15,(anonymous_1)
FN:30,(anonymous_2)
FN:39,(anonymous_3)
FN:44,(anonymous_4)
FN:57,(anonymous_5)
FN:66,(anonymous_6)
FNF:7
FNH:7
FNDA:1,(anonymous_0)
FNDA:2,(anonymous_1)
FNDA:1,(anonymous_2)
FNDA:1,(anonymous_3)
FNDA:1,(anonymous_4)
FNDA:1,(anonymous_5)
FNDA:2,(anonymous_6)
DA:1,3
DA:6,1
DA:11,1
DA:16,2
DA:26,2
DA:31,1
DA:35,1
DA:40,1
DA:45,1
DA:53,1
DA:58,1
DA:63,1
DA:67,2
DA:71,2
DA:75,3
LF:15
LH:15
BRF:0
BRH:0
end_of_record
TN:
SF:routes/auth.js
FNF:0
FNH:0
DA:1,1
DA:2,1
DA:3,1
DA:4,1
DA:7,1
DA:8,1
DA:11,1
DA:14,1
DA:15,1
DA:17,1
LF:10
LH:10
BRF:0
BRH:0
end_of_record
TN:
SF:routes/bookings.js
FNF:0
FNH:0
DA:1,1
DA:2,1
DA:3,1
DA:4,1
DA:7,1
DA:9,1
DA:10,1
DA:11,1
DA:12,1
DA:13,1
DA:15,1
LF:11
LH:11
BRF:0
BRH:0
end_of_record
TN:
SF:routes/courts.js
FNF:0
FNH:0
DA:1,1
DA:2,1
DA:3,1
DA:4,1
DA:7,1
DA:8,1
DA:9,1
DA:10,1
DA:13,1
DA:14,1
DA:15,1
DA:17,1
LF:12
LH:12
BRF:0
BRH:0
end_of_record
TN:
SF:routes/payments.js
FN:13,(anonymous_0)
FN:21,(anonymous_1)
FN:38,(anonymous_2)
FN:56,(anonymous_3)
FN:74,(anonymous_4)
FN:88,(anonymous_5)
FNF:6
FNH:6
FNDA:1,(anonymous_0)
FNDA:2,(anonymous_1)
FNDA:2,(anonymous_2)
FNDA:2,(anonymous_3)
FNDA:2,(anonymous_4)
FNDA:2,(anonymous_5)
DA:1,2
DA:2,2
DA:3,2
DA:4,2
DA:7,2
DA:13,2
DA:14,1
DA:21,2
DA:22,2
DA:23,2
DA:27,1
DA:29,1
DA:30,1
DA:38,2
DA:39,2
DA:40,2
DA:44,1
DA:45,1
DA:47,1
DA:48,1
DA:56,2
DA:57,2
DA:58,2
DA:62,1
DA:63,1
DA:65,1
DA:66,1
DA:74,2
DA:75,2
DA:76,2
DA:77,1
DA:79,1
DA:80,1
DA:88,2
DA:89,2
DA:90,2
DA:91,2
DA:96,1
DA:103,1
DA:105,1
DA:106,1
DA:110,2
LF:42
LH:42
BRF:0
BRH:0
end_of_record
TN:
SF:routes/reviews.js
FNF:0
FNH:0
DA:1,1
DA:2,1
DA:3,1
DA:4,1
DA:7,1
DA:8,1
DA:11,1
DA:12,1
DA:14,1
LF:9
LH:9
BRF:0
BRH:0
end_of_record
TN:
SF:routes/waitlist.js
FNF:0
FNH:0
DA:1,1
DA:2,1
DA:3,1
DA:4,1
DA:6,1
DA:8,1
DA:9,1
DA:10,1
DA:11,1
DA:13,1
LF:10
LH:10
BRF:0
BRH:0
end_of_record
TN:
SF:services/notificationService.js
FN:32,(anonymous_0)
FN:75,(anonymous_1)
FNF:2
FNH:2
FNDA:3,(anonymous_0)
FNDA:2,(anonymous_1)
DA:9,2
DA:10,2
DA:11,2
DA:14,2
DA:24,2
DA:33,3
DA:35,3
DA:36,1
DA:40,2
DA:43,2
DA:44,2
DA:56,1
DA:60,2
DA:76,2
DA:77,2
DA:83,1
DA:85,1
DA:86,1
DA:91,2
LF:19
LH:19
BRDA:15,0,0,2
BRDA:15,0,1,0
BRDA:16,1,0,2
BRDA:16,1,1,0
BRDA:35,2,0,1
BRDA:35,2,1,2
BRF:6
BRH:4
end_of_record
TN:
SF:services/paymentService.js
FN:22,(anonymous_0)
FN:53,(anonymous_1)
FN:59,(anonymous_2)
FN:73,(anonymous_3)
FN:86,(anonymous_4)
FN:102,(anonymous_5)
FN:130,(anonymous_6)
FN:160,(anonymous_7)
FN:233,(anonymous_8)
FNF:9
FNH:9
FNDA:2,(anonymous_0)
FNDA:1,(anonymous_1)
FNDA:1,(anonymous_2)
FNDA:1,(anonymous_3)
FNDA:1,(anonymous_4)
FNDA:1,(anonymous_5)
FNDA:1,(anonymous_6)
FNDA:5,(anonymous_7)
FNDA:5,(anonymous_8)
DA:8,2
DA:9,2
DA:10,2
DA:12,2
DA:24,2
DA:29,2
DA:30,1
DA:34,1
DA:40,1
DA:45,1
DA:54,1
DA:59,1
DA:74,1
DA:79,1
DA:87,1
DA:88,1
DA:103,1
DA:112,1
DA:113,0
DA:114,0
DA:115,0
DA:118,1
DA:120,1
DA:131,1
DA:153,1
DA:161,5
DA:163,5
DA:164,1
DA:176,4
DA:177,1
DA:187,3
DA:188,1
DA:195,1
DA:207,2
DA:215,1
DA:223,1
DA:234,5
DA:236,5
DA:237,0
DA:246,5
DA:247,2
DA:255,3
DA:256,1
DA:259,1
DA:267,2
DA:268,0
DA:269,0
DA:271,0
DA:278,0
DA:281,0
DA:289,2
DA:293,1
DA:299,1
DA:304,2
LF:54
LH:45
BRDA:29,0,0,1
BRDA:29,0,1,1
BRDA:112,1,0,0
BRDA:112,1,1,1
BRDA:163,2,0,1
BRDA:163,2,1,4
BRDA:166,3,0,1
BRDA:166,3,1,0
BRDA:176,4,0,1
BRDA:176,4,1,3
BRDA:187,5,0,1
BRDA:187,5,1,2
BRDA:210,6,0,2
BRDA:210,6,1,0
BRDA:236,7,0,0
BRDA:236,7,1,5
BRDA:246,8,0,2
BRDA:246,8,1,3
BRDA:246,9,0,5
BRDA:246,9,1,4
BRDA:246,9,2,4
BRDA:255,10,0,1
BRDA:255,10,1,2
BRDA:267,11,0,0
BRDA:267,11,1,2
BRDA:269,12,0,0
BRDA:269,12,1,0
BRF:27
BRH:20
end_of_record
