TN:
SF:config\db.js
FNF:0
FNH:0
DA:1,2
DA:2,2
DA:4,2
DA:18,2
LF:4
LH:4
BRDA:4,0,0,0
BRDA:4,0,1,2
BRDA:14,1,0,2
BRDA:14,1,1,0
BRF:4
BRH:2
end_of_record
TN:
SF:controllers\communityController.js
FN:5,(anonymous_0)
FN:14,(anonymous_1)
FN:26,(anonymous_2)
FN:65,(anonymous_3)
FN:86,(anonymous_4)
FNF:5
FNH:4
FNDA:1,(anonymous_0)
FNDA:0,(anonymous_1)
FNDA:2,(anonymous_2)
FNDA:3,(anonymous_3)
FNDA:1,(anonymous_4)
DA:1,1
DA:2,1
DA:4,1
DA:6,1
DA:7,1
DA:8,1
DA:10,0
DA:15,0
DA:16,0
DA:17,0
DA:18,0
DA:20,0
DA:22,0
DA:27,2
DA:35,2
DA:37,2
DA:38,2
DA:39,1
DA:44,1
DA:45,1
DA:46,0
DA:49,1
DA:59,1
DA:61,0
DA:66,3
DA:67,3
DA:68,1
DA:73,2
DA:74,1
DA:76,1
DA:77,1
DA:79,0
DA:80,0
DA:82,0
DA:87,1
DA:88,1
DA:89,1
DA:91,0
DA:96,1
LF:39
LH:26
BRDA:17,0,0,0
BRDA:17,0,1,0
BRDA:38,1,0,1
BRDA:38,1,1,1
BRDA:38,2,0,2
BRDA:38,2,1,2
BRDA:38,2,2,2
BRDA:38,2,3,1
BRDA:38,2,4,1
BRDA:38,2,5,1
BRDA:45,3,0,0
BRDA:45,3,1,1
BRDA:56,4,0,1
BRDA:56,4,1,0
BRDA:69,5,0,1
BRDA:69,5,1,0
BRDA:73,6,0,1
BRDA:73,6,1,1
BRDA:76,7,0,1
BRDA:76,7,1,0
BRDA:76,8,0,1
BRDA:76,8,1,1
BRDA:79,9,0,0
BRDA:79,9,1,0
BRF:24
BRH:16
end_of_record
TN:
SF:models\Party.js
FN:5,(anonymous_0)
FN:23,(anonymous_1)
FN:41,(anonymous_2)
FN:58,(anonymous_3)
FNF:4
FNH:4
FNDA:1,(anonymous_0)
FNDA:1,(anonymous_1)
FNDA:1,(anonymous_2)
FNDA:2,(anonymous_3)
DA:1,2
DA:2,2
DA:14,1
DA:20,1
DA:24,1
DA:38,1
DA:42,1
DA:55,1
DA:59,2
DA:60,2
DA:61,2
DA:63,2
DA:67,2
DA:69,2
DA:70,0
DA:73,2
DA:74,0
DA:77,2
DA:78,2
DA:79,1
DA:82,1
DA:83,1
DA:84,0
DA:85,0
DA:88,1
DA:90,1
DA:92,1
DA:101,1
DA:102,1
DA:108,1
DA:109,1
DA:111,2
DA:116,2
LF:33
LH:29
BRDA:12,0,0,0
BRDA:69,1,0,0
BRDA:69,1,1,2
BRDA:73,2,0,0
BRDA:73,2,1,2
BRDA:78,3,0,1
BRDA:78,3,1,1
BRDA:83,4,0,0
BRDA:83,4,1,1
BRDA:92,5,0,1
BRDA:92,5,1,0
BRF:11
BRH:6
end_of_record
TN:
SF:models\PartyParticipant.js
FN:4,(anonymous_0)
FN:14,(anonymous_1)
FN:22,(anonymous_2)
FN:30,(anonymous_3)
FNF:4
FNH:3
FNDA:1,(anonymous_0)
FNDA:2,(anonymous_1)
FNDA:1,(anonymous_2)
FNDA:0,(anonymous_3)
DA:1,2
DA:5,1
DA:11,1
DA:15,2
DA:19,2
DA:23,1
DA:27,1
DA:31,0
DA:39,0
DA:43,2
LF:10
LH:8
BRDA:4,0,0,0
BRDA:14,1,0,0
BRDA:22,2,0,0
BRDA:27,3,0,1
BRDA:27,3,1,0
BRF:5
BRH:1
end_of_record
