TN:
SF:server.js
FN:13,(anonymous_0)
FN:17,(anonymous_1)
FN:84,(anonymous_2)
FN:89,(anonymous_3)
FN:100,(anonymous_4)
FN:105,(anonymous_5)
FN:118,(anonymous_6)
FNF:7
FNH:2
FNDA:2,(anonymous_0)
FNDA:41,(anonymous_1)
FNDA:0,(anonymous_2)
FNDA:0,(anonymous_3)
FNDA:0,(anonymous_4)
FNDA:0,(anonymous_5)
FNDA:0,(anonymous_6)
DA:1,2
DA:2,2
DA:3,2
DA:4,2
DA:5,2
DA:7,2
DA:8,2
DA:9,2
DA:10,2
DA:11,2
DA:13,2
DA:16,2
DA:19,41
DA:21,0
DA:22,0
DA:25,0
DA:30,2
DA:63,2
DA:64,2
DA:66,2
DA:67,2
DA:70,2
DA:73,2
DA:74,2
DA:77,2
DA:78,2
DA:79,2
DA:80,2
DA:81,2
DA:84,2
DA:85,0
DA:89,2
DA:90,0
DA:100,2
DA:101,0
DA:105,2
DA:106,0
DA:107,0
DA:108,0
DA:113,0
DA:117,2
DA:118,0
DA:119,0
DA:123,2
LF:44
LH:32
BRDA:8,0,0,2
BRDA:8,0,1,0
BRDA:11,1,0,2
BRDA:11,1,1,2
BRDA:19,2,0,41
BRDA:19,2,1,0
BRDA:21,3,0,0
BRDA:21,3,1,0
BRDA:21,4,0,0
BRDA:21,4,1,0
BRDA:66,5,0,2
BRDA:66,5,1,0
BRDA:106,6,0,0
BRDA:106,6,1,0
BRDA:107,7,0,0
BRDA:107,7,1,0
BRDA:110,8,0,0
BRDA:110,8,1,0
BRDA:117,9,0,0
BRDA:117,9,1,2
BRF:20
BRH:6
end_of_record
TN:
SF:config\db.js
FNF:0
FNH:0
DA:1,10
DA:2,10
DA:4,10
DA:18,10
LF:4
LH:4
BRDA:4,0,0,10
BRDA:4,0,1,0
BRDA:14,1,0,0
BRDA:14,1,1,0
BRF:4
BRH:1
end_of_record
TN:
SF:controllers\authController.js
FN:7,(anonymous_0)
FN:55,(anonymous_1)
FN:90,(anonymous_2)
FN:114,(anonymous_3)
FN:138,(anonymous_4)
FN:148,(anonymous_5)
FN:168,(anonymous_6)
FNF:7
FNH:7
FNDA:6,(anonymous_0)
FNDA:4,(anonymous_1)
FNDA:5,(anonymous_2)
FNDA:3,(anonymous_3)
FNDA:2,(anonymous_4)
FNDA:6,(anonymous_5)
FNDA:11,(anonymous_6)
DA:1,2
DA:2,2
DA:3,2
DA:5,2
DA:7,2
DA:8,6
DA:9,6
DA:11,6
DA:16,6
DA:22,6
DA:23,6
DA:25,6
DA:26,1
DA:29,5
DA:31,5
DA:32,1
DA:36,4
DA:43,3
DA:48,1
DA:49,1
DA:55,2
DA:56,4
DA:58,4
DA:60,4
DA:65,3
DA:66,1
DA:70,2
DA:72,2
DA:74,1
DA:75,1
DA:80,1
DA:85,1
DA:86,1
DA:90,2
DA:91,5
DA:94,5
DA:107,5
DA:109,0
DA:110,0
DA:114,2
DA:115,3
DA:117,3
DA:119,3
DA:121,2
DA:122,1
DA:128,1
DA:133,1
DA:134,1
DA:138,2
DA:139,2
DA:140,2
DA:141,1
DA:143,1
DA:144,1
DA:148,2
DA:149,6
DA:150,6
DA:151,5
DA:152,1
DA:155,4
DA:161,1
DA:162,1
DA:168,2
DA:169,11
DA:170,11
DA:171,11
DA:173,11
DA:174,2
DA:177,9
DA:184,8
DA:190,7
DA:191,1
DA:194,6
DA:195,6
DA:203,2
DA:204,2
LF:76
LH:74
BRDA:9,0,0,1
BRDA:9,0,1,5
BRDA:25,1,0,1
BRDA:25,1,1,5
BRDA:31,2,0,1
BRDA:31,2,1,4
BRDA:65,3,0,1
BRDA:65,3,1,2
BRDA:72,4,0,1
BRDA:72,4,1,1
BRDA:99,5,0,5
BRDA:99,5,1,3
BRDA:100,6,0,5
BRDA:100,6,1,3
BRDA:102,7,0,5
BRDA:102,7,1,2
BRDA:102,7,2,2
BRDA:121,8,0,1
BRDA:121,8,1,1
BRDA:151,9,0,1
BRDA:151,9,1,4
BRDA:170,10,0,11
BRDA:170,10,1,1
BRDA:173,11,0,2
BRDA:173,11,1,9
BRDA:190,12,0,1
BRDA:190,12,1,6
BRF:27
BRH:27
end_of_record
TN:
SF:controllers\bookingController.js
FN:13,(anonymous_0)
FN:177,(anonymous_1)
FN:205,(anonymous_2)
FN:214,(anonymous_3)
FN:223,(anonymous_4)
FNF:5
FNH:5
FNDA:6,(anonymous_0)
FNDA:3,(anonymous_1)
FNDA:2,(anonymous_2)
FNDA:2,(anonymous_3)
FNDA:2,(anonymous_4)
DA:1,3
DA:2,3
DA:3,3
DA:4,3
DA:7,3
DA:9,3
DA:10,3
DA:12,3
DA:14,6
DA:22,6
DA:23,6
DA:26,6
DA:27,6
DA:30,6
DA:31,6
DA:32,6
DA:33,6
DA:36,6
DA:40,6
DA:44,6
DA:45,6
DA:46,6
DA:49,6
DA:56,6
DA:57,1
DA:58,1
DA:59,1
DA:60,1
DA:61,1
DA:65,6
DA:73,6
DA:83,4
DA:84,1
DA:88,4
DA:90,0
DA:95,0
DA:96,0
DA:105,0
DA:108,0
DA:124,4
DA:132,4
DA:138,4
DA:139,4
DA:141,4
DA:154,4
DA:169,2
DA:170,1
DA:172,1
DA:173,1
DA:178,3
DA:179,3
DA:180,2
DA:181,1
DA:188,1
DA:189,1
DA:193,1
DA:199,1
DA:201,1
DA:206,2
DA:207,2
DA:208,1
DA:210,1
DA:215,2
DA:216,2
DA:217,1
DA:219,1
DA:224,2
DA:225,2
DA:226,2
DA:228,2
DA:229,1
DA:234,1
DA:236,1
DA:240,0
DA:241,0
DA:246,3
LF:76
LH:69
BRDA:7,0,0,3
BRDA:7,0,1,0
BRDA:32,1,0,0
BRDA:32,1,1,6
BRDA:36,2,0,6
BRDA:36,2,1,1
BRDA:36,2,2,1
BRDA:40,3,0,1
BRDA:40,3,1,5
BRDA:56,4,0,1
BRDA:56,4,1,5
BRDA:56,5,0,6
BRDA:56,5,1,1
BRDA:58,6,0,1
BRDA:58,6,1,0
BRDA:65,7,0,1
BRDA:65,7,1,5
BRDA:83,8,0,1
BRDA:83,8,1,3
BRDA:83,9,0,4
BRDA:83,9,1,1
BRDA:88,10,0,0
BRDA:88,10,1,4
BRDA:88,11,0,4
BRDA:88,11,1,1
BRDA:95,12,0,0
BRDA:95,12,1,0
BRDA:169,13,0,1
BRDA:169,13,1,1
BRDA:180,14,0,1
BRDA:180,14,1,1
BRDA:188,15,0,1
BRDA:188,15,1,0
BRDA:228,16,0,1
BRDA:228,16,1,1
BRDA:228,17,0,2
BRDA:228,17,1,2
BRF:37
BRH:30
end_of_record
TN:
SF:controllers\communityController.js
FN:5,(anonymous_0)
FN:14,(anonymous_1)
FN:26,(anonymous_2)
FN:75,(anonymous_3)
FN:102,(anonymous_4)
FNF:5
FNH:4
FNDA:1,(anonymous_0)
FNDA:0,(anonymous_1)
FNDA:2,(anonymous_2)
FNDA:3,(anonymous_3)
FNDA:1,(anonymous_4)
DA:1,3
DA:2,3
DA:4,3
DA:6,1
DA:7,1
DA:8,1
DA:10,0
DA:15,0
DA:16,0
DA:17,0
DA:18,0
DA:20,0
DA:22,0
DA:27,2
DA:35,2
DA:37,2
DA:38,2
DA:46,1
DA:52,1
DA:53,1
DA:54,0
DA:59,1
DA:69,1
DA:71,0
DA:76,3
DA:77,3
DA:78,1
DA:86,2
DA:87,1
DA:89,1
DA:93,1
DA:95,0
DA:96,0
DA:98,0
DA:103,1
DA:104,1
DA:105,1
DA:107,0
DA:112,3
LF:39
LH:26
BRDA:17,0,0,0
BRDA:17,0,1,0
BRDA:38,1,0,1
BRDA:38,1,1,1
BRDA:39,2,0,2
BRDA:39,2,1,2
BRDA:39,2,2,2
BRDA:39,2,3,1
BRDA:39,2,4,1
BRDA:39,2,5,1
BRDA:53,3,0,0
BRDA:53,3,1,1
BRDA:66,4,0,1
BRDA:66,4,1,0
BRDA:80,5,0,1
BRDA:80,5,1,0
BRDA:86,6,0,1
BRDA:86,6,1,1
BRDA:89,7,0,1
BRDA:89,7,1,0
BRDA:90,8,0,1
BRDA:90,8,1,1
BRDA:95,9,0,0
BRDA:95,9,1,0
BRF:24
BRH:16
end_of_record
TN:
SF:controllers\courtController.js
FN:5,(anonymous_0)
FN:28,(anonymous_1)
FN:38,(anonymous_2)
FN:51,(anonymous_3)
FN:93,(anonymous_4)
FN:119,(anonymous_5)
FN:141,(anonymous_6)
FNF:7
FNH:7
FNDA:5,(anonymous_0)
FNDA:2,(anonymous_1)
FNDA:3,(anonymous_2)
FNDA:5,(anonymous_3)
FNDA:4,(anonymous_4)
FNDA:5,(anonymous_5)
FNDA:3,(anonymous_6)
DA:1,3
DA:3,3
DA:6,5
DA:7,5
DA:10,5
DA:11,1
DA:12,4
DA:13,1
DA:14,3
DA:15,1
DA:18,2
DA:21,4
DA:23,1
DA:29,2
DA:30,2
DA:31,1
DA:33,1
DA:39,3
DA:40,3
DA:41,2
DA:42,1
DA:44,1
DA:46,1
DA:52,5
DA:53,5
DA:55,5
DA:56,5
DA:59,5
DA:60,1
DA:63,1
DA:64,1
DA:65,1
DA:66,1
DA:71,5
DA:72,1
DA:75,4
DA:86,3
DA:88,1
DA:94,4
DA:95,4
DA:97,4
DA:108,3
DA:109,1
DA:112,2
DA:114,1
DA:120,5
DA:121,5
DA:123,5
DA:124,5
DA:125,2
DA:128,3
DA:130,2
DA:131,1
DA:134,1
DA:136,1
DA:142,3
DA:143,3
DA:144,3
DA:146,2
DA:147,1
DA:149,1
DA:154,3
LF:62
LH:62
BRDA:10,0,0,1
BRDA:10,0,1,4
BRDA:12,1,0,1
BRDA:12,1,1,3
BRDA:12,2,0,4
BRDA:12,2,1,1
BRDA:12,2,2,1
BRDA:14,3,0,1
BRDA:14,3,1,2
BRDA:41,4,0,1
BRDA:41,4,1,1
BRDA:59,5,0,1
BRDA:59,5,1,4
BRDA:59,6,0,5
BRDA:59,6,1,1
BRDA:59,6,2,0
BRDA:64,7,0,1
BRDA:64,7,1,0
BRDA:64,8,0,1
BRDA:64,8,1,1
BRDA:71,9,0,1
BRDA:71,9,1,4
BRDA:71,10,0,5
BRDA:71,10,1,5
BRDA:71,10,2,4
BRDA:71,10,3,4
BRDA:71,10,4,4
BRDA:71,10,5,4
BRDA:83,11,0,4
BRDA:83,11,1,3
BRDA:108,12,0,1
BRDA:108,12,1,2
BRDA:124,13,0,2
BRDA:124,13,1,3
BRDA:124,14,0,5
BRDA:124,14,1,4
BRDA:130,15,0,1
BRDA:130,15,1,1
BRDA:144,16,0,1
BRDA:144,16,1,2
BRF:40
BRH:38
end_of_record
TN:
SF:controllers\reviewController.js
FN:4,(anonymous_0)
FN:25,(anonymous_1)
FN:34,(anonymous_2)
FN:43,(anonymous_3)
FNF:4
FNH:4
FNDA:4,(anonymous_0)
FNDA:2,(anonymous_1)
FNDA:2,(anonymous_2)
FNDA:2,(anonymous_3)
DA:1,3
DA:3,3
DA:5,4
DA:6,4
DA:7,4
DA:13,1
DA:15,3
DA:16,1
DA:18,2
DA:19,1
DA:21,1
DA:26,2
DA:27,2
DA:28,1
DA:30,1
DA:35,2
DA:36,2
DA:37,1
DA:39,1
DA:44,2
DA:45,2
DA:46,1
DA:48,1
DA:53,3
LF:24
LH:24
BRDA:15,0,0,1
BRDA:15,0,1,2
BRDA:18,1,0,1
BRDA:18,1,1,1
BRF:4
BRH:4
end_of_record
TN:
SF:controllers\waitlistController.js
FN:7,(anonymous_0)
FN:22,(anonymous_1)
FN:31,(anonymous_2)
FN:40,(anonymous_3)
FNF:4
FNH:4
FNDA:2,(anonymous_0)
FNDA:2,(anonymous_1)
FNDA:2,(anonymous_2)
FNDA:4,(anonymous_3)
DA:1,3
DA:2,3
DA:3,3
DA:4,3
DA:6,3
DA:8,2
DA:9,2
DA:10,2
DA:16,1
DA:18,1
DA:23,2
DA:24,2
DA:25,1
DA:27,1
DA:32,2
DA:33,2
DA:34,1
DA:36,1
DA:41,4
DA:42,4
DA:43,4
DA:46,4
DA:50,3
DA:51,1
DA:53,2
DA:56,2
DA:57,2
DA:58,2
DA:59,2
DA:61,2
DA:62,2
DA:63,2
DA:66,2
DA:67,2
DA:68,2
DA:70,2
DA:80,2
DA:88,2
DA:90,2
DA:92,1
DA:97,3
LF:41
LH:41
BRDA:50,0,0,1
BRDA:50,0,1,2
BRDA:76,1,0,2
BRDA:76,1,1,1
BRDA:83,2,0,2
BRDA:83,2,1,1
BRF:6
BRH:6
end_of_record
TN:
SF:middleware\authMiddleware.js
FN:4,(anonymous_0)
FN:28,(anonymous_1)
FNF:2
FNH:2
FNDA:31,(anonymous_0)
FNDA:6,(anonymous_1)
DA:1,2
DA:2,2
DA:4,2
DA:5,31
DA:6,31
DA:8,28
DA:10,28
DA:11,28
DA:14,28
DA:16,28
DA:22,28
DA:24,0
DA:28,2
DA:29,6
DA:30,1
DA:32,5
DA:35,2
LF:17
LH:16
BRDA:6,0,0,3
BRDA:6,0,1,28
BRDA:11,1,0,0
BRDA:11,1,1,28
BRDA:11,2,0,28
BRDA:11,2,1,28
BRDA:19,3,0,28
BRDA:19,3,1,0
BRDA:20,4,0,28
BRDA:20,4,1,0
BRDA:29,5,0,1
BRDA:29,5,1,5
BRF:12
BRH:9
end_of_record
TN:
SF:middleware\i18n.js
FN:6,(anonymous_0)
FN:23,(anonymous_1)
FNF:2
FNH:2
FNDA:3,(anonymous_0)
FNDA:5,(anonymous_1)
DA:1,1
DA:2,1
DA:5,1
DA:6,1
DA:7,3
DA:8,3
DA:23,1
DA:25,5
DA:30,5
DA:32,5
DA:33,5
DA:34,5
DA:37,1
LF:13
LH:13
BRDA:25,0,0,5
BRDA:25,0,1,3
BRDA:25,0,2,1
BRDA:30,1,0,1
BRDA:30,1,1,4
BRF:5
BRH:5
end_of_record
TN:
SF:models\Booking.js
FN:5,(anonymous_0)
FN:44,(anonymous_1)
FN:56,(anonymous_2)
FN:69,(anonymous_3)
FN:79,(anonymous_4)
FN:88,(anonymous_5)
FN:95,(anonymous_6)
FNF:7
FNH:7
FNDA:3,(anonymous_0)
FNDA:2,(anonymous_1)
FNDA:2,(anonymous_2)
FNDA:2,(anonymous_3)
FNDA:2,(anonymous_4)
FNDA:2,(anonymous_5)
FNDA:2,(anonymous_6)
DA:1,6
DA:6,3
DA:7,3
DA:8,3
DA:11,3
DA:21,2
DA:22,1
DA:23,1
DA:26,1
DA:32,1
DA:33,1
DA:35,2
DA:36,2
DA:38,3
DA:45,2
DA:52,2
DA:57,2
DA:65,2
DA:70,2
DA:76,2
DA:80,2
DA:84,2
DA:89,2
DA:95,2
DA:99,6
LF:25
LH:25
BRDA:21,0,0,1
BRDA:21,0,1,1
BRF:2
BRH:2
end_of_record
TN:
SF:models\Court.js
FN:5,(anonymous_0)
FN:15,(anonymous_1)
FN:27,(anonymous_2)
FN:39,(anonymous_3)
FN:52,(anonymous_4)
FN:76,(anonymous_5)
FN:90,(anonymous_6)
FN:108,(anonymous_7)
FN:117,(anonymous_8)
FNF:9
FNH:9
FNDA:1,(anonymous_0)
FNDA:1,(anonymous_1)
FNDA:1,(anonymous_2)
FNDA:1,(anonymous_3)
FNDA:1,(anonymous_4)
FNDA:1,(anonymous_5)
FNDA:2,(anonymous_6)
FNDA:2,(anonymous_7)
FNDA:2,(anonymous_8)
DA:1,5
DA:6,1
DA:11,1
DA:16,1
DA:23,1
DA:28,1
DA:35,1
DA:40,1
DA:48,1
DA:53,1
DA:72,1
DA:77,1
DA:86,1
DA:91,2
DA:104,2
DA:109,2
DA:113,2
DA:118,2
DA:126,2
DA:130,5
LF:20
LH:20
BRF:0
BRH:0
end_of_record
TN:
SF:models\EquipmentRental.js
FN:5,(anonymous_0)
FN:20,(anonymous_1)
FNF:2
FNH:2
FNDA:2,(anonymous_0)
FNDA:2,(anonymous_1)
DA:1,4
DA:7,2
DA:8,2
DA:9,2
DA:14,2
DA:16,2
DA:21,2
DA:25,2
DA:29,4
LF:9
LH:9
BRF:0
BRH:0
end_of_record
TN:
SF:models\Party.js
FN:5,(anonymous_0)
FN:31,(anonymous_1)
FN:49,(anonymous_2)
FN:67,(anonymous_3)
FNF:4
FNH:4
FNDA:1,(anonymous_0)
FNDA:1,(anonymous_1)
FNDA:1,(anonymous_2)
FNDA:2,(anonymous_3)
DA:1,4
DA:2,4
DA:14,1
DA:28,1
DA:32,1
DA:46,1
DA:50,1
DA:64,1
DA:68,2
DA:69,2
DA:70,2
DA:72,2
DA:76,2
DA:78,2
DA:79,0
DA:82,2
DA:83,0
DA:86,2
DA:87,2
DA:88,1
DA:91,1
DA:92,1
DA:93,0
DA:96,0
DA:99,1
DA:104,1
DA:106,1
DA:115,1
DA:116,1
DA:122,1
DA:123,1
DA:125,2
DA:130,4
LF:33
LH:29
BRDA:12,0,0,0
BRDA:78,1,0,0
BRDA:78,1,1,2
BRDA:82,2,0,0
BRDA:82,2,1,2
BRDA:87,3,0,1
BRDA:87,3,1,1
BRDA:92,4,0,0
BRDA:92,4,1,1
BRDA:106,5,0,1
BRDA:106,5,1,0
BRF:11
BRH:6
end_of_record
TN:
SF:models\PartyParticipant.js
FN:4,(anonymous_0)
FN:14,(anonymous_1)
FN:22,(anonymous_2)
FN:30,(anonymous_3)
FNF:4
FNH:3
FNDA:1,(anonymous_0)
FNDA:2,(anonymous_1)
FNDA:1,(anonymous_2)
FNDA:0,(anonymous_3)
DA:1,4
DA:5,1
DA:11,1
DA:15,2
DA:19,2
DA:23,1
DA:27,1
DA:31,0
DA:39,0
DA:43,4
LF:10
LH:8
BRDA:4,0,0,0
BRDA:14,1,0,0
BRDA:22,2,0,0
BRDA:27,3,0,1
BRDA:27,3,1,0
BRF:5
BRH:1
end_of_record
TN:
SF:models\Profile.js
FN:4,(anonymous_0)
FN:19,(anonymous_1)
FN:25,(anonymous_2)
FN:32,(anonymous_3)
FN:39,(anonymous_4)
FN:56,(anonymous_5)
FNF:6
FNH:6
FNDA:2,(anonymous_0)
FNDA:2,(anonymous_1)
FNDA:1,(anonymous_2)
FNDA:2,(anonymous_3)
FNDA:3,(anonymous_4)
FNDA:4,(anonymous_5)
DA:1,1
DA:5,2
DA:10,2
DA:16,2
DA:20,2
DA:21,2
DA:22,2
DA:27,1
DA:28,1
DA:29,1
DA:34,2
DA:35,2
DA:36,2
DA:40,3
DA:52,3
DA:53,3
DA:60,4
DA:76,4
DA:82,4
DA:86,1
LF:20
LH:20
BRDA:4,0,0,2
BRF:1
BRH:1
end_of_record
TN:
SF:models\Review.js
FN:5,(anonymous_0)
FN:49,(anonymous_1)
FN:62,(anonymous_2)
FN:78,(anonymous_3)
FNF:4
FNH:4
FNDA:5,(anonymous_0)
FNDA:2,(anonymous_1)
FNDA:2,(anonymous_2)
FNDA:2,(anonymous_3)
DA:1,4
DA:7,5
DA:8,2
DA:12,3
DA:16,3
DA:17,1
DA:21,2
DA:26,2
DA:27,1
DA:30,1
DA:37,1
DA:45,1
DA:50,2
DA:58,2
DA:63,2
DA:71,2
DA:79,2
DA:87,2
DA:91,4
LF:19
LH:19
BRDA:7,0,0,2
BRDA:7,0,1,3
BRDA:7,1,0,5
BRDA:7,1,1,4
BRDA:16,2,0,1
BRDA:16,2,1,2
BRDA:26,3,0,1
BRDA:26,3,1,1
BRF:8
BRH:8
end_of_record
TN:
SF:models\Waitlist.js
FN:5,(anonymous_0)
FN:15,(anonymous_1)
FN:30,(anonymous_2)
FN:39,(anonymous_3)
FN:44,(anonymous_4)
FN:57,(anonymous_5)
FN:66,(anonymous_6)
FNF:7
FNH:7
FNDA:1,(anonymous_0)
FNDA:2,(anonymous_1)
FNDA:1,(anonymous_2)
FNDA:1,(anonymous_3)
FNDA:1,(anonymous_4)
FNDA:1,(anonymous_5)
FNDA:2,(anonymous_6)
DA:1,4
DA:6,1
DA:11,1
DA:16,2
DA:26,2
DA:31,1
DA:35,1
DA:40,1
DA:45,1
DA:53,1
DA:58,1
DA:63,1
DA:67,2
DA:71,2
DA:75,4
LF:15
LH:15
BRF:0
BRH:0
end_of_record
TN:
SF:routes\auth.js
FNF:0
FNH:0
DA:1,2
DA:2,2
DA:3,2
DA:4,2
DA:7,2
DA:8,2
DA:11,2
DA:12,2
DA:17,2
DA:24,2
DA:25,2
DA:32,2
LF:12
LH:12
BRF:0
BRH:0
end_of_record
TN:
SF:routes\bookings.js
FNF:0
FNH:0
DA:1,2
DA:2,2
DA:3,2
DA:4,2
DA:7,2
DA:9,2
DA:10,2
DA:11,2
DA:12,2
DA:13,2
DA:15,2
LF:11
LH:11
BRF:0
BRH:0
end_of_record
TN:
SF:routes\community.js
FNF:0
FNH:0
DA:1,2
DA:2,2
DA:3,2
DA:4,2
DA:6,2
DA:7,2
DA:8,2
DA:9,2
DA:10,2
DA:12,2
LF:10
LH:10
BRF:0
BRH:0
end_of_record
TN:
SF:routes\courts.js
FNF:0
FNH:0
DA:1,2
DA:2,2
DA:3,2
DA:4,2
DA:7,2
DA:8,2
DA:9,2
DA:10,2
DA:13,2
DA:14,2
DA:15,2
DA:17,2
LF:12
LH:12
BRF:0
BRH:0
end_of_record
TN:
SF:routes\payments.js
FN:13,(anonymous_0)
FN:21,(anonymous_1)
FN:38,(anonymous_2)
FN:56,(anonymous_3)
FN:74,(anonymous_4)
FN:88,(anonymous_5)
FNF:6
FNH:6
FNDA:1,(anonymous_0)
FNDA:2,(anonymous_1)
FNDA:2,(anonymous_2)
FNDA:2,(anonymous_3)
FNDA:2,(anonymous_4)
FNDA:2,(anonymous_5)
DA:1,3
DA:2,3
DA:3,3
DA:4,3
DA:7,3
DA:13,3
DA:14,1
DA:21,3
DA:22,2
DA:23,2
DA:27,1
DA:29,1
DA:30,1
DA:38,3
DA:39,2
DA:40,2
DA:44,1
DA:45,1
DA:47,1
DA:48,1
DA:56,3
DA:57,2
DA:58,2
DA:62,1
DA:63,1
DA:65,1
DA:66,1
DA:74,3
DA:75,2
DA:76,2
DA:77,1
DA:79,1
DA:80,1
DA:88,3
DA:89,2
DA:90,2
DA:91,2
DA:96,1
DA:103,1
DA:105,1
DA:106,1
DA:110,3
LF:42
LH:42
BRF:0
BRH:0
end_of_record
TN:
SF:routes\reviews.js
FNF:0
FNH:0
DA:1,2
DA:2,2
DA:3,2
DA:4,2
DA:7,2
DA:8,2
DA:11,2
DA:12,2
DA:14,2
LF:9
LH:9
BRF:0
BRH:0
end_of_record
TN:
SF:routes\waitlist.js
FNF:0
FNH:0
DA:1,2
DA:2,2
DA:3,2
DA:4,2
DA:6,2
DA:8,2
DA:9,2
DA:10,2
DA:11,2
DA:13,2
LF:10
LH:10
BRF:0
BRH:0
end_of_record
TN:
SF:services\notificationService.js
FN:32,(anonymous_0)
FN:75,(anonymous_1)
FNF:2
FNH:2
FNDA:3,(anonymous_0)
FNDA:2,(anonymous_1)
DA:9,3
DA:10,3
DA:11,3
DA:14,3
DA:24,3
DA:33,3
DA:35,3
DA:36,1
DA:40,2
DA:43,2
DA:44,2
DA:56,1
DA:60,2
DA:76,2
DA:77,2
DA:83,1
DA:85,1
DA:86,1
DA:91,3
LF:19
LH:19
BRDA:15,0,0,3
BRDA:15,0,1,0
BRDA:16,1,0,3
BRDA:16,1,1,0
BRDA:35,2,0,1
BRDA:35,2,1,2
BRF:6
BRH:4
end_of_record
TN:
SF:services\paymentService.js
FN:22,(anonymous_0)
FN:53,(anonymous_1)
FN:59,(anonymous_2)
FN:73,(anonymous_3)
FN:86,(anonymous_4)
FN:102,(anonymous_5)
FN:135,(anonymous_6)
FN:172,(anonymous_7)
FN:264,(anonymous_8)
FNF:9
FNH:9
FNDA:2,(anonymous_0)
FNDA:1,(anonymous_1)
FNDA:1,(anonymous_2)
FNDA:1,(anonymous_3)
FNDA:1,(anonymous_4)
FNDA:2,(anonymous_5)
FNDA:1,(anonymous_6)
FNDA:5,(anonymous_7)
FNDA:5,(anonymous_8)
DA:8,1
DA:9,1
DA:10,1
DA:12,1
DA:24,2
DA:29,2
DA:30,1
DA:34,1
DA:40,1
DA:45,1
DA:54,1
DA:59,1
DA:74,1
DA:79,1
DA:87,1
DA:88,1
DA:108,2
DA:117,2
DA:118,0
DA:119,0
DA:120,0
DA:123,2
DA:125,1
DA:143,1
DA:165,1
DA:181,5
DA:183,5
DA:184,1
DA:196,4
DA:197,1
DA:207,3
DA:208,1
DA:218,2
DA:219,2
DA:226,1
DA:238,0
DA:246,0
DA:254,1
DA:265,5
DA:267,5
DA:268,0
DA:277,5
DA:283,2
DA:291,3
DA:292,1
DA:295,1
DA:303,2
DA:304,0
DA:305,0
DA:307,0
DA:314,0
DA:317,0
DA:325,2
DA:329,1
DA:335,1
DA:340,1
LF:56
LH:45
BRDA:29,0,0,1
BRDA:29,0,1,1
BRDA:117,1,0,0
BRDA:117,1,1,2
BRDA:183,2,0,1
BRDA:183,2,1,4
BRDA:186,3,0,1
BRDA:186,3,1,0
BRDA:196,4,0,1
BRDA:196,4,1,3
BRDA:207,5,0,1
BRDA:207,5,1,2
BRDA:207,6,0,3
BRDA:207,6,1,3
BRDA:218,7,0,2
BRDA:218,7,1,0
BRDA:241,8,0,0
BRDA:241,8,1,0
BRDA:267,9,0,0
BRDA:267,9,1,5
BRDA:277,10,0,2
BRDA:277,10,1,3
BRDA:278,11,0,5
BRDA:278,11,1,4
BRDA:278,11,2,4
BRDA:278,11,3,3
BRDA:291,12,0,1
BRDA:291,12,1,2
BRDA:303,13,0,0
BRDA:303,13,1,2
BRDA:305,14,0,0
BRDA:305,14,1,0
BRF:32
BRH:23
end_of_record
